<?xml version="1.0" encoding="UTF-8"?>
<!-- Generated by org.testng.reporters.JUnitReportReporter -->
<testsuite hostname="LAPTOP-HBTIMHQ5" failures="0" tests="1" name="homePageTest.TestHomePage" time="7.519" errors="0" timestamp="2020-06-09T14:17:59 EDT" skipped="0">
  <testcase classname="homePageTest.TestHomePage" name="testClickLogin" time="7.519"/>
  <system-out/>
</testsuite> <!-- homePageTest.TestHomePage -->
